0 info it worked if it ends with ok
1 verbose cli [ '/usr/local/bin/node', '/usr/local/bin/npm', 'run', 'gen-docs' ]
2 info using npm@2.15.9
3 info using node@v4.6.0
4 verbose run-script [ 'pregen-docs', 'gen-docs', 'postgen-docs' ]
5 info pregen-docs cordova-plugin-camera@2.3.1-dev
6 info gen-docs cordova-plugin-camera@2.3.1-dev
7 verbose unsafe-perm in lifecycle true
8 info cordova-plugin-camera@2.3.1-dev Failed to exec gen-docs script
9 verbose stack Error: cordova-plugin-camera@2.3.1-dev gen-docs: `jsdoc2md --template "jsdoc2md/TEMPLATE.md" "www/**/*.js" --plugin "dmd-plugin-cordova-plugin" > README.md`
9 verbose stack spawn ENOENT
9 verbose stack     at ChildProcess.<anonymous> (/usr/local/lib/node_modules/npm/lib/utils/spawn.js:17:16)
9 verbose stack     at emitTwo (events.js:87:13)
9 verbose stack     at ChildProcess.emit (events.js:172:7)
9 verbose stack     at maybeClose (internal/child_process.js:829:16)
9 verbose stack     at Process.ChildProcess._handle.onexit (internal/child_process.js:211:5)
10 verbose pkgid cordova-plugin-camera@2.3.1-dev
11 verbose cwd /Users/ekin/git/piximony/plugins/cordova-plugin-camera
12 error Darwin 16.0.0
13 error argv "/usr/local/bin/node" "/usr/local/bin/npm" "run" "gen-docs"
14 error node v4.6.0
15 error npm  v2.15.9
16 error file sh
17 error code ELIFECYCLE
18 error errno ENOENT
19 error syscall spawn
20 error cordova-plugin-camera@2.3.1-dev gen-docs: `jsdoc2md --template "jsdoc2md/TEMPLATE.md" "www/**/*.js" --plugin "dmd-plugin-cordova-plugin" > README.md`
20 error spawn ENOENT
21 error Failed at the cordova-plugin-camera@2.3.1-dev gen-docs script 'jsdoc2md --template "jsdoc2md/TEMPLATE.md" "www/**/*.js" --plugin "dmd-plugin-cordova-plugin" > README.md'.
21 error This is most likely a problem with the cordova-plugin-camera package,
21 error not with npm itself.
21 error Tell the author that this fails on your system:
21 error     jsdoc2md --template "jsdoc2md/TEMPLATE.md" "www/**/*.js" --plugin "dmd-plugin-cordova-plugin" > README.md
21 error You can get information on how to open an issue for this project with:
21 error     npm bugs cordova-plugin-camera
21 error Or if that isn't available, you can get their info via:
21 error
21 error     npm owner ls cordova-plugin-camera
21 error There is likely additional logging output above.
22 verbose exit [ 1, true ]
